<?xml version="1.0" encoding="UTF-8"?>
<!-- Generated by org.testng.reporters.JUnitXMLReporter -->
<testsuite ignored="0" hostname="ITAdmins-MacBook-Pro.local" failures="0" tests="6" name="demotestTime" time="89.107" errors="0" timestamp="26 Apr 2021 10:04:16 GMT">
  <testcase classname="com.selenium.smartwyre.test.SimpleInputDemoTest" name="seleniumEnterInputTest" time="13.949"/>
  <testcase classname="com.selenium.smartwyre.test.SimpleInputDemoTest" name="seleniumSumDemoTest" time="4.882"/>
  <testcase classname="com.selenium.smartwyre.test.SelectDemoTest" name="selectDayByValue" time="11.291"/>
  <testcase classname="com.selenium.smartwyre.test.DragAndDropDemoTest" name="dragDropTest" time="24.333"/>
  <testcase classname="com.selenium.smartwyre.test.SelectDemoTest" name="multipleSelectCounrtiesDemo" time="0.691"/>
  <testcase classname="com.selenium.smartwyre.test.SelectDemoTest" name="selectDayByIndex" time="0.498"/>
</testsuite> <!-- demotestTime -->
