<?xml version="1.0" encoding="UTF-8"?>
<testng-results ignored="0" total="6" passed="6" failed="0" skipped="0">
  <reporter-output>
    <line>
      <![CDATA[STEP_DOC [11:02:52:179] [00:00:05:188]:Starting test for class [com.selenium.smartwyre.test.SimpleInputDemoTest] and method [seleniumEnterInputTest]]]>
    </line>
    <line>
      <![CDATA[STEP_DOC [11:02:52:257] [449842:02:52:258]:STEP_DOC [11:02:52:179] [00:00:05:188]:Starting test for class [com.selenium.smartwyre.test.SimpleInputDemoTest] and method [seleniumEnterInputTest]]]>
    </line>
    <line>
      <![CDATA[STEP_DOC [11:02:56:418] [00:00:09:353]:Done waiting for 3000 ms.]]>
    </line>
    <line>
      <![CDATA[STEP_DOC [11:02:56:419] [449842:02:56:419]:STEP_DOC [11:02:56:418] [00:00:09:353]:Done waiting for 3000 ms.]]>
    </line>
    <line>
      <![CDATA[STEP_DOC [11:02:59:673] [00:00:12:607]:Done waiting for 3000 ms.]]>
    </line>
    <line>
      <![CDATA[STEP_DOC [11:02:59:673] [449842:02:59:674]:STEP_DOC [11:02:59:673] [00:00:12:607]:Done waiting for 3000 ms.]]>
    </line>
    <line>
      <![CDATA[STEP_DOC [11:03:02:397] [00:00:15:331]:Done waiting for 2000 ms.]]>
    </line>
    <line>
      <![CDATA[STEP_DOC [11:03:02:397] [449842:03:02:397]:STEP_DOC [11:03:02:397] [00:00:15:331]:Done waiting for 2000 ms.]]>
    </line>
    <line>
      <![CDATA[STEP_DOC [11:03:03:510] [00:00:16:444]:Done waiting for 1000 ms.]]>
    </line>
    <line>
      <![CDATA[STEP_DOC [11:03:03:510] [449842:03:03:510]:STEP_DOC [11:03:03:510] [00:00:16:444]:Done waiting for 1000 ms.]]>
    </line>
    <line>
      <![CDATA[STEP_DOC [11:03:06:212] [00:00:19:146]:Test finished for class [com.selenium.smartwyre.test.SimpleInputDemoTest] and method [seleniumEnterInputTest]]]>
    </line>
    <line>
      <![CDATA[STEP_DOC [11:03:06:212] [449842:03:06:213]:STEP_DOC [11:03:06:212] [00:00:19:146]:Test finished for class [com.selenium.smartwyre.test.SimpleInputDemoTest] and method [seleniumEnterInputTest]]]>
    </line>
    <line>
      <![CDATA[STEP_DOC [11:03:06:214] [00:00:19:149]:Starting test for class [com.selenium.smartwyre.test.SimpleInputDemoTest] and method [seleniumSumDemoTest]]]>
    </line>
    <line>
      <![CDATA[STEP_DOC [11:03:06:215] [449842:03:06:215]:STEP_DOC [11:03:06:214] [00:00:19:149]:Starting test for class [com.selenium.smartwyre.test.SimpleInputDemoTest] and method [seleniumSumDemoTest]]]>
    </line>
    <line>
      <![CDATA[STEP_DOC [11:03:07:335] [00:00:20:269]:Done waiting for 1000 ms.]]>
    </line>
    <line>
      <![CDATA[STEP_DOC [11:03:07:335] [449842:03:07:336]:STEP_DOC [11:03:07:335] [00:00:20:269]:Done waiting for 1000 ms.]]>
    </line>
    <line>
      <![CDATA[STEP_DOC [11:03:09:698] [00:00:22:633]:Done waiting for 1000 ms.]]>
    </line>
    <line>
      <![CDATA[STEP_DOC [11:03:09:699] [449842:03:09:699]:STEP_DOC [11:03:09:698] [00:00:22:633]:Done waiting for 1000 ms.]]>
    </line>
    <line>
      <![CDATA[STEP_DOC [11:03:11:100] [00:00:24:035]:Test finished for class [com.selenium.smartwyre.test.SimpleInputDemoTest] and method [seleniumSumDemoTest]]]>
    </line>
    <line>
      <![CDATA[STEP_DOC [11:03:11:101] [449842:03:11:101]:STEP_DOC [11:03:11:100] [00:00:24:035]:Test finished for class [com.selenium.smartwyre.test.SimpleInputDemoTest] and method [seleniumSumDemoTest]]]>
    </line>
    <line>
      <![CDATA[STEP_DOC [11:03:11:103] [00:00:24:037]:Closing session.]]>
    </line>
    <line>
      <![CDATA[STEP_DOC [11:03:11:103] [449842:03:11:103]:STEP_DOC [11:03:11:103] [00:00:24:037]:Closing session.]]>
    </line>
    <line>
      <![CDATA[STEP_DOC [11:03:11:135] [00:00:24:070]:Closing window CDwindow-913C18CB03908DA79BF6BF4C2A27A0A4]]>
    </line>
    <line>
      <![CDATA[STEP_DOC [11:03:11:136] [449842:03:11:136]:STEP_DOC [11:03:11:135] [00:00:24:070]:Closing window CDwindow-913C18CB03908DA79BF6BF4C2A27A0A4]]>
    </line>
    <line>
      <![CDATA[STEP_DOC [11:03:11:284] [00:00:24:218]:Closed window CDwindow-913C18CB03908DA79BF6BF4C2A27A0A4]]>
    </line>
    <line>
      <![CDATA[STEP_DOC [11:03:11:284] [449842:03:11:284]:STEP_DOC [11:03:11:284] [00:00:24:218]:Closed window CDwindow-913C18CB03908DA79BF6BF4C2A27A0A4]]>
    </line>
    <line>
      <![CDATA[STEP_DOC [11:03:11:284] [00:00:24:218]:waiting for 3 secs before terminating the session.]]>
    </line>
    <line>
      <![CDATA[STEP_DOC [11:03:11:285] [449842:03:11:285]:STEP_DOC [11:03:11:284] [00:00:24:218]:waiting for 3 secs before terminating the session.]]>
    </line>
    <line>
      <![CDATA[STEP_DOC [11:03:14:289] [00:00:27:223]:Quitting session.]]>
    </line>
    <line>
      <![CDATA[STEP_DOC [11:03:14:289] [449842:03:14:289]:STEP_DOC [11:03:14:289] [00:00:27:223]:Quitting session.]]>
    </line>
    <line>
      <![CDATA[STEP_DOC [11:03:14:365] [00:00:27:299]:Session closed.]]>
    </line>
    <line>
      <![CDATA[STEP_DOC [11:03:14:365] [449842:03:14:365]:STEP_DOC [11:03:14:365] [00:00:27:299]:Session closed.]]>
    </line>
    <line>
      <![CDATA[STEP_DOC [11:03:21:649] [00:00:04:616]:Starting test for class [com.selenium.smartwyre.test.SelectDemoTest] and method [selectDayByValue]]]>
    </line>
    <line>
      <![CDATA[STEP_DOC [11:03:21:649] [449842:03:21:649]:STEP_DOC [11:03:21:649] [00:00:04:616]:Starting test for class [com.selenium.smartwyre.test.SelectDemoTest] and method [selectDayByValue]]]>
    </line>
    <line>
      <![CDATA[STEP_DOC [11:03:26:121] [00:00:09:088]:Done waiting for 3000 ms.]]>
    </line>
    <line>
      <![CDATA[STEP_DOC [11:03:26:121] [449842:03:26:121]:STEP_DOC [11:03:26:121] [00:00:09:088]:Done waiting for 3000 ms.]]>
    </line>
    <line>
      <![CDATA[STEP_DOC [11:03:29:336] [00:00:12:304]:Done waiting for 3000 ms.]]>
    </line>
    <line>
      <![CDATA[STEP_DOC [11:03:29:337] [449842:03:29:337]:STEP_DOC [11:03:29:336] [00:00:12:304]:Done waiting for 3000 ms.]]>
    </line>
    <line>
      <![CDATA[STEP_DOC [11:03:32:563] [00:00:15:530]:Done waiting for 2000 ms.]]>
    </line>
    <line>
      <![CDATA[STEP_DOC [11:03:32:563] [449842:03:32:563]:STEP_DOC [11:03:32:563] [00:00:15:530]:Done waiting for 2000 ms.]]>
    </line>
    <line>
      <![CDATA[STEP_DOC [11:03:32:672] [00:00:15:639]:Found [1] elements]]>
    </line>
    <line>
      <![CDATA[STEP_DOC [11:03:32:672] [449842:03:32:672]:STEP_DOC [11:03:32:672] [00:00:15:639]:Found [1] elements]]>
    </line>
    <line>
      <![CDATA[STEP_DOC [11:03:32:684] [00:00:15:651]:WebElement initiated. xpath=id("select-demo")/OPTION[3]]]>
    </line>
    <line>
      <![CDATA[STEP_DOC [11:03:32:684] [449842:03:32:684]:STEP_DOC [11:03:32:684] [00:00:15:651]:WebElement initiated. xpath=id("select-demo")/OPTION[3]]]>
    </line>
    <line>
      <![CDATA[STEP_DOC [11:03:32:772] [00:00:15:739]:Found [8] elements]]>
    </line>
    <line>
      <![CDATA[STEP_DOC [11:03:32:772] [449842:03:32:772]:STEP_DOC [11:03:32:772] [00:00:15:739]:Found [8] elements]]>
    </line>
    <line>
      <![CDATA[STEP_DOC [11:03:32:785] [00:00:15:753]:WebElement initiated. xpath=id("select-demo")/OPTION[1]]]>
    </line>
    <line>
      <![CDATA[STEP_DOC [11:03:32:786] [449842:03:32:786]:STEP_DOC [11:03:32:785] [00:00:15:753]:WebElement initiated. xpath=id("select-demo")/OPTION[1]]]>
    </line>
    <line>
      <![CDATA[STEP_DOC [11:03:32:800] [00:00:15:767]:WebElement initiated. xpath=id("select-demo")/OPTION[2]]]>
    </line>
    <line>
      <![CDATA[STEP_DOC [11:03:32:800] [449842:03:32:800]:STEP_DOC [11:03:32:800] [00:00:15:767]:WebElement initiated. xpath=id("select-demo")/OPTION[2]]]>
    </line>
    <line>
      <![CDATA[STEP_DOC [11:03:32:809] [00:00:15:776]:WebElement initiated. xpath=id("select-demo")/OPTION[3]]]>
    </line>
    <line>
      <![CDATA[STEP_DOC [11:03:32:810] [449842:03:32:810]:STEP_DOC [11:03:32:809] [00:00:15:776]:WebElement initiated. xpath=id("select-demo")/OPTION[3]]]>
    </line>
    <line>
      <![CDATA[STEP_DOC [11:03:32:819] [00:00:15:786]:WebElement initiated. xpath=id("select-demo")/OPTION[4]]]>
    </line>
    <line>
      <![CDATA[STEP_DOC [11:03:32:819] [449842:03:32:819]:STEP_DOC [11:03:32:819] [00:00:15:786]:WebElement initiated. xpath=id("select-demo")/OPTION[4]]]>
    </line>
    <line>
      <![CDATA[STEP_DOC [11:03:32:829] [00:00:15:796]:WebElement initiated. xpath=id("select-demo")/OPTION[5]]]>
    </line>
    <line>
      <![CDATA[STEP_DOC [11:03:32:829] [449842:03:32:829]:STEP_DOC [11:03:32:829] [00:00:15:796]:WebElement initiated. xpath=id("select-demo")/OPTION[5]]]>
    </line>
    <line>
      <![CDATA[STEP_DOC [11:03:32:840] [00:00:15:807]:WebElement initiated. xpath=id("select-demo")/OPTION[6]]]>
    </line>
    <line>
      <![CDATA[STEP_DOC [11:03:32:840] [449842:03:32:840]:STEP_DOC [11:03:32:840] [00:00:15:807]:WebElement initiated. xpath=id("select-demo")/OPTION[6]]]>
    </line>
    <line>
      <![CDATA[STEP_DOC [11:03:32:852] [00:00:15:819]:WebElement initiated. xpath=id("select-demo")/OPTION[7]]]>
    </line>
    <line>
      <![CDATA[STEP_DOC [11:03:32:852] [449842:03:32:852]:STEP_DOC [11:03:32:852] [00:00:15:819]:WebElement initiated. xpath=id("select-demo")/OPTION[7]]]>
    </line>
    <line>
      <![CDATA[STEP_DOC [11:03:32:862] [00:00:15:829]:WebElement initiated. xpath=id("select-demo")/OPTION[8]]]>
    </line>
    <line>
      <![CDATA[STEP_DOC [11:03:32:862] [449842:03:32:862]:STEP_DOC [11:03:32:862] [00:00:15:829]:WebElement initiated. xpath=id("select-demo")/OPTION[8]]]>
    </line>
    <line>
      <![CDATA[STEP_DOC [11:03:32:942] [00:00:15:909]:Test finished for class [com.selenium.smartwyre.test.SelectDemoTest] and method [selectDayByValue]]]>
    </line>
    <line>
      <![CDATA[STEP_DOC [11:03:32:942] [449842:03:32:942]:STEP_DOC [11:03:32:942] [00:00:15:909]:Test finished for class [com.selenium.smartwyre.test.SelectDemoTest] and method [selectDayByValue]]]>
    </line>
    <line>
      <![CDATA[STEP_DOC [11:03:39:764] [00:00:04:529]:Starting test for class [com.selenium.smartwyre.test.DragAndDropDemoTest] and method [dragDropTest]]]>
    </line>
    <line>
      <![CDATA[STEP_DOC [11:03:39:764] [449842:03:39:765]:STEP_DOC [11:03:39:764] [00:00:04:529]:Starting test for class [com.selenium.smartwyre.test.DragAndDropDemoTest] and method [dragDropTest]]]>
    </line>
    <line>
      <![CDATA[STEP_DOC [11:03:44:054] [00:00:08:819]:Done waiting for 3000 ms.]]>
    </line>
    <line>
      <![CDATA[STEP_DOC [11:03:44:054] [449842:03:44:054]:STEP_DOC [11:03:44:054] [00:00:08:819]:Done waiting for 3000 ms.]]>
    </line>
    <line>
      <![CDATA[STEP_DOC [11:03:47:311] [00:00:12:076]:Done waiting for 3000 ms.]]>
    </line>
    <line>
      <![CDATA[STEP_DOC [11:03:47:311] [449842:03:47:311]:STEP_DOC [11:03:47:311] [00:00:12:076]:Done waiting for 3000 ms.]]>
    </line>
    <line>
      <![CDATA[STEP_DOC [11:03:49:654] [00:00:14:419]:Done waiting for 2000 ms.]]>
    </line>
    <line>
      <![CDATA[STEP_DOC [11:03:49:654] [449842:03:49:655]:STEP_DOC [11:03:49:654] [00:00:14:419]:Done waiting for 2000 ms.]]>
    </line>
    <line>
      <![CDATA[STEP_DOC [11:03:56:449] [00:00:21:214]:Done waiting for 3000 ms.]]>
    </line>
    <line>
      <![CDATA[STEP_DOC [11:03:56:449] [449842:03:56:449]:STEP_DOC [11:03:56:449] [00:00:21:214]:Done waiting for 3000 ms.]]>
    </line>
    <line>
      <![CDATA[STEP_DOC [11:04:03:151] [00:00:27:916]:Done waiting for 3000 ms.]]>
    </line>
    <line>
      <![CDATA[STEP_DOC [11:04:03:151] [449842:04:03:151]:STEP_DOC [11:04:03:151] [00:00:27:916]:Done waiting for 3000 ms.]]>
    </line>
    <line>
      <![CDATA[STEP_DOC [11:04:04:101] [00:00:28:866]:Test finished for class [com.selenium.smartwyre.test.DragAndDropDemoTest] and method [dragDropTest]]]>
    </line>
    <line>
      <![CDATA[STEP_DOC [11:04:04:101] [449842:04:04:101]:STEP_DOC [11:04:04:101] [00:00:28:866]:Test finished for class [com.selenium.smartwyre.test.DragAndDropDemoTest] and method [dragDropTest]]]>
    </line>
    <line>
      <![CDATA[STEP_DOC [11:04:04:102] [00:00:28:867]:Closing session.]]>
    </line>
    <line>
      <![CDATA[STEP_DOC [11:04:04:102] [449842:04:04:103]:STEP_DOC [11:04:04:102] [00:00:28:867]:Closing session.]]>
    </line>
    <line>
      <![CDATA[STEP_DOC [11:04:04:118] [00:00:28:884]:Closing window CDwindow-84B586D52C8EC8649FF7E218A75C1D81]]>
    </line>
    <line>
      <![CDATA[STEP_DOC [11:04:04:119] [449842:04:04:119]:STEP_DOC [11:04:04:118] [00:00:28:884]:Closing window CDwindow-84B586D52C8EC8649FF7E218A75C1D81]]>
    </line>
    <line>
      <![CDATA[STEP_DOC [11:04:04:308] [00:00:29:073]:Closed window CDwindow-84B586D52C8EC8649FF7E218A75C1D81]]>
    </line>
    <line>
      <![CDATA[STEP_DOC [11:04:04:308] [449842:04:04:308]:STEP_DOC [11:04:04:308] [00:00:29:073]:Closed window CDwindow-84B586D52C8EC8649FF7E218A75C1D81]]>
    </line>
    <line>
      <![CDATA[STEP_DOC [11:04:04:308] [00:00:29:074]:waiting for 3 secs before terminating the session.]]>
    </line>
    <line>
      <![CDATA[STEP_DOC [11:04:04:309] [449842:04:04:309]:STEP_DOC [11:04:04:308] [00:00:29:074]:waiting for 3 secs before terminating the session.]]>
    </line>
    <line>
      <![CDATA[STEP_DOC [11:04:07:313] [00:00:32:078]:Quitting session.]]>
    </line>
    <line>
      <![CDATA[STEP_DOC [11:04:07:314] [449842:04:07:314]:STEP_DOC [11:04:07:313] [00:00:32:078]:Quitting session.]]>
    </line>
    <line>
      <![CDATA[STEP_DOC [11:04:07:333] [00:00:32:098]:Session closed.]]>
    </line>
    <line>
      <![CDATA[STEP_DOC [11:04:07:333] [449842:04:07:333]:STEP_DOC [11:04:07:333] [00:00:32:098]:Session closed.]]>
    </line>
    <line>
      <![CDATA[STEP_DOC [11:04:07:336] [00:00:32:101]:Starting test for class [com.selenium.smartwyre.test.SelectDemoTest] and method [multipleSelectCounrtiesDemo]]]>
    </line>
    <line>
      <![CDATA[STEP_DOC [11:04:07:336] [449842:04:07:336]:STEP_DOC [11:04:07:336] [00:00:32:101]:Starting test for class [com.selenium.smartwyre.test.SelectDemoTest] and method [multipleSelectCounrtiesDemo]]]>
    </line>
    <line>
      <![CDATA[STEP_DOC [11:04:07:442] [00:00:32:207]:Found [1] elements]]>
    </line>
    <line>
      <![CDATA[STEP_DOC [11:04:07:442] [449842:04:07:442]:STEP_DOC [11:04:07:442] [00:00:32:207]:Found [1] elements]]>
    </line>
    <line>
      <![CDATA[STEP_DOC [11:04:07:452] [00:00:32:217]:WebElement initiated. xpath=id("multi-select")/OPTION[1]]]>
    </line>
    <line>
      <![CDATA[STEP_DOC [11:04:07:452] [449842:04:07:452]:STEP_DOC [11:04:07:452] [00:00:32:217]:WebElement initiated. xpath=id("multi-select")/OPTION[1]]]>
    </line>
    <line>
      <![CDATA[STEP_DOC [11:04:07:542] [00:00:32:307]:Found [1] elements]]>
    </line>
    <line>
      <![CDATA[STEP_DOC [11:04:07:542] [449842:04:07:542]:STEP_DOC [11:04:07:542] [00:00:32:307]:Found [1] elements]]>
    </line>
    <line>
      <![CDATA[STEP_DOC [11:04:07:553] [00:00:32:318]:WebElement initiated. xpath=id("multi-select")/OPTION[5]]]>
    </line>
    <line>
      <![CDATA[STEP_DOC [11:04:07:553] [449842:04:07:553]:STEP_DOC [11:04:07:553] [00:00:32:318]:WebElement initiated. xpath=id("multi-select")/OPTION[5]]]>
    </line>
    <line>
      <![CDATA[STEP_DOC [11:04:07:641] [00:00:32:406]:Found [1] elements]]>
    </line>
    <line>
      <![CDATA[STEP_DOC [11:04:07:641] [449842:04:07:641]:STEP_DOC [11:04:07:641] [00:00:32:406]:Found [1] elements]]>
    </line>
    <line>
      <![CDATA[STEP_DOC [11:04:07:650] [00:00:32:415]:WebElement initiated. xpath=id("multi-select")/OPTION[7]]]>
    </line>
    <line>
      <![CDATA[STEP_DOC [11:04:07:650] [449842:04:07:650]:STEP_DOC [11:04:07:650] [00:00:32:415]:WebElement initiated. xpath=id("multi-select")/OPTION[7]]]>
    </line>
    <line>
      <![CDATA[STEP_DOC [11:04:07:725] [00:00:32:490]:Found [1] elements]]>
    </line>
    <line>
      <![CDATA[STEP_DOC [11:04:07:725] [449842:04:07:725]:STEP_DOC [11:04:07:725] [00:00:32:490]:Found [1] elements]]>
    </line>
    <line>
      <![CDATA[STEP_DOC [11:04:07:732] [00:00:32:497]:WebElement initiated. xpath=id("multi-select")/OPTION[5]]]>
    </line>
    <line>
      <![CDATA[STEP_DOC [11:04:07:732] [449842:04:07:732]:STEP_DOC [11:04:07:732] [00:00:32:497]:WebElement initiated. xpath=id("multi-select")/OPTION[5]]]>
    </line>
    <line>
      <![CDATA[STEP_DOC [11:04:07:766] [00:00:32:531]:Found [8] elements]]>
    </line>
    <line>
      <![CDATA[STEP_DOC [11:04:07:766] [449842:04:07:766]:STEP_DOC [11:04:07:766] [00:00:32:531]:Found [8] elements]]>
    </line>
    <line>
      <![CDATA[STEP_DOC [11:04:07:772] [00:00:32:537]:WebElement initiated. xpath=id("multi-select")/OPTION[1]]]>
    </line>
    <line>
      <![CDATA[STEP_DOC [11:04:07:772] [449842:04:07:773]:STEP_DOC [11:04:07:772] [00:00:32:537]:WebElement initiated. xpath=id("multi-select")/OPTION[1]]]>
    </line>
    <line>
      <![CDATA[STEP_DOC [11:04:07:780] [00:00:32:545]:WebElement initiated. xpath=id("multi-select")/OPTION[2]]]>
    </line>
    <line>
      <![CDATA[STEP_DOC [11:04:07:781] [449842:04:07:781]:STEP_DOC [11:04:07:780] [00:00:32:545]:WebElement initiated. xpath=id("multi-select")/OPTION[2]]]>
    </line>
    <line>
      <![CDATA[STEP_DOC [11:04:07:789] [00:00:32:554]:WebElement initiated. xpath=id("multi-select")/OPTION[3]]]>
    </line>
    <line>
      <![CDATA[STEP_DOC [11:04:07:789] [449842:04:07:789]:STEP_DOC [11:04:07:789] [00:00:32:554]:WebElement initiated. xpath=id("multi-select")/OPTION[3]]]>
    </line>
    <line>
      <![CDATA[STEP_DOC [11:04:07:797] [00:00:32:562]:WebElement initiated. xpath=id("multi-select")/OPTION[4]]]>
    </line>
    <line>
      <![CDATA[STEP_DOC [11:04:07:797] [449842:04:07:797]:STEP_DOC [11:04:07:797] [00:00:32:562]:WebElement initiated. xpath=id("multi-select")/OPTION[4]]]>
    </line>
    <line>
      <![CDATA[STEP_DOC [11:04:07:804] [00:00:32:569]:WebElement initiated. xpath=id("multi-select")/OPTION[5]]]>
    </line>
    <line>
      <![CDATA[STEP_DOC [11:04:07:804] [449842:04:07:804]:STEP_DOC [11:04:07:804] [00:00:32:569]:WebElement initiated. xpath=id("multi-select")/OPTION[5]]]>
    </line>
    <line>
      <![CDATA[STEP_DOC [11:04:07:817] [00:00:32:582]:WebElement initiated. xpath=id("multi-select")/OPTION[6]]]>
    </line>
    <line>
      <![CDATA[STEP_DOC [11:04:07:817] [449842:04:07:817]:STEP_DOC [11:04:07:817] [00:00:32:582]:WebElement initiated. xpath=id("multi-select")/OPTION[6]]]>
    </line>
    <line>
      <![CDATA[STEP_DOC [11:04:07:825] [00:00:32:590]:WebElement initiated. xpath=id("multi-select")/OPTION[7]]]>
    </line>
    <line>
      <![CDATA[STEP_DOC [11:04:07:825] [449842:04:07:826]:STEP_DOC [11:04:07:825] [00:00:32:590]:WebElement initiated. xpath=id("multi-select")/OPTION[7]]]>
    </line>
    <line>
      <![CDATA[STEP_DOC [11:04:07:834] [00:00:32:599]:WebElement initiated. xpath=id("multi-select")/OPTION[8]]]>
    </line>
    <line>
      <![CDATA[STEP_DOC [11:04:07:834] [449842:04:07:834]:STEP_DOC [11:04:07:834] [00:00:32:599]:WebElement initiated. xpath=id("multi-select")/OPTION[8]]]>
    </line>
    <line>
      <![CDATA[STEP_DOC [11:04:08:028] [00:00:32:793]:Test finished for class [com.selenium.smartwyre.test.SelectDemoTest] and method [multipleSelectCounrtiesDemo]]]>
    </line>
    <line>
      <![CDATA[STEP_DOC [11:04:08:028] [449842:04:08:029]:STEP_DOC [11:04:08:028] [00:00:32:793]:Test finished for class [com.selenium.smartwyre.test.SelectDemoTest] and method [multipleSelectCounrtiesDemo]]]>
    </line>
    <line>
      <![CDATA[STEP_DOC [11:04:08:030] [00:00:32:795]:Starting test for class [com.selenium.smartwyre.test.SelectDemoTest] and method [selectDayByIndex]]]>
    </line>
    <line>
      <![CDATA[STEP_DOC [11:04:08:030] [449842:04:08:030]:STEP_DOC [11:04:08:030] [00:00:32:795]:Starting test for class [com.selenium.smartwyre.test.SelectDemoTest] and method [selectDayByIndex]]]>
    </line>
    <line>
      <![CDATA[STEP_DOC [11:04:08:119] [00:00:32:884]:Found [8] elements]]>
    </line>
    <line>
      <![CDATA[STEP_DOC [11:04:08:119] [449842:04:08:119]:STEP_DOC [11:04:08:119] [00:00:32:884]:Found [8] elements]]>
    </line>
    <line>
      <![CDATA[STEP_DOC [11:04:08:128] [00:00:32:893]:WebElement initiated. xpath=id("select-demo")/OPTION[1]]]>
    </line>
    <line>
      <![CDATA[STEP_DOC [11:04:08:128] [449842:04:08:128]:STEP_DOC [11:04:08:128] [00:00:32:893]:WebElement initiated. xpath=id("select-demo")/OPTION[1]]]>
    </line>
    <line>
      <![CDATA[STEP_DOC [11:04:08:136] [00:00:32:901]:WebElement initiated. xpath=id("select-demo")/OPTION[2]]]>
    </line>
    <line>
      <![CDATA[STEP_DOC [11:04:08:136] [449842:04:08:136]:STEP_DOC [11:04:08:136] [00:00:32:901]:WebElement initiated. xpath=id("select-demo")/OPTION[2]]]>
    </line>
    <line>
      <![CDATA[STEP_DOC [11:04:08:145] [00:00:32:910]:WebElement initiated. xpath=id("select-demo")/OPTION[3]]]>
    </line>
    <line>
      <![CDATA[STEP_DOC [11:04:08:145] [449842:04:08:145]:STEP_DOC [11:04:08:145] [00:00:32:910]:WebElement initiated. xpath=id("select-demo")/OPTION[3]]]>
    </line>
    <line>
      <![CDATA[STEP_DOC [11:04:08:154] [00:00:32:919]:WebElement initiated. xpath=id("select-demo")/OPTION[4]]]>
    </line>
    <line>
      <![CDATA[STEP_DOC [11:04:08:154] [449842:04:08:154]:STEP_DOC [11:04:08:154] [00:00:32:919]:WebElement initiated. xpath=id("select-demo")/OPTION[4]]]>
    </line>
    <line>
      <![CDATA[STEP_DOC [11:04:08:162] [00:00:32:927]:WebElement initiated. xpath=id("select-demo")/OPTION[5]]]>
    </line>
    <line>
      <![CDATA[STEP_DOC [11:04:08:162] [449842:04:08:162]:STEP_DOC [11:04:08:162] [00:00:32:927]:WebElement initiated. xpath=id("select-demo")/OPTION[5]]]>
    </line>
    <line>
      <![CDATA[STEP_DOC [11:04:08:172] [00:00:32:937]:WebElement initiated. xpath=id("select-demo")/OPTION[6]]]>
    </line>
    <line>
      <![CDATA[STEP_DOC [11:04:08:172] [449842:04:08:172]:STEP_DOC [11:04:08:172] [00:00:32:937]:WebElement initiated. xpath=id("select-demo")/OPTION[6]]]>
    </line>
    <line>
      <![CDATA[STEP_DOC [11:04:08:180] [00:00:32:945]:WebElement initiated. xpath=id("select-demo")/OPTION[7]]]>
    </line>
    <line>
      <![CDATA[STEP_DOC [11:04:08:180] [449842:04:08:181]:STEP_DOC [11:04:08:180] [00:00:32:945]:WebElement initiated. xpath=id("select-demo")/OPTION[7]]]>
    </line>
    <line>
      <![CDATA[STEP_DOC [11:04:08:189] [00:00:32:954]:WebElement initiated. xpath=id("select-demo")/OPTION[8]]]>
    </line>
    <line>
      <![CDATA[STEP_DOC [11:04:08:190] [449842:04:08:190]:STEP_DOC [11:04:08:189] [00:00:32:954]:WebElement initiated. xpath=id("select-demo")/OPTION[8]]]>
    </line>
    <line>
      <![CDATA[STEP_DOC [11:04:08:353] [00:00:33:118]:Found [8] elements]]>
    </line>
    <line>
      <![CDATA[STEP_DOC [11:04:08:353] [449842:04:08:353]:STEP_DOC [11:04:08:353] [00:00:33:118]:Found [8] elements]]>
    </line>
    <line>
      <![CDATA[STEP_DOC [11:04:08:362] [00:00:33:127]:WebElement initiated. xpath=id("select-demo")/OPTION[1]]]>
    </line>
    <line>
      <![CDATA[STEP_DOC [11:04:08:362] [449842:04:08:362]:STEP_DOC [11:04:08:362] [00:00:33:127]:WebElement initiated. xpath=id("select-demo")/OPTION[1]]]>
    </line>
    <line>
      <![CDATA[STEP_DOC [11:04:08:372] [00:00:33:137]:WebElement initiated. xpath=id("select-demo")/OPTION[2]]]>
    </line>
    <line>
      <![CDATA[STEP_DOC [11:04:08:372] [449842:04:08:372]:STEP_DOC [11:04:08:372] [00:00:33:137]:WebElement initiated. xpath=id("select-demo")/OPTION[2]]]>
    </line>
    <line>
      <![CDATA[STEP_DOC [11:04:08:379] [00:00:33:144]:WebElement initiated. xpath=id("select-demo")/OPTION[3]]]>
    </line>
    <line>
      <![CDATA[STEP_DOC [11:04:08:379] [449842:04:08:379]:STEP_DOC [11:04:08:379] [00:00:33:144]:WebElement initiated. xpath=id("select-demo")/OPTION[3]]]>
    </line>
    <line>
      <![CDATA[STEP_DOC [11:04:08:387] [00:00:33:152]:WebElement initiated. xpath=id("select-demo")/OPTION[4]]]>
    </line>
    <line>
      <![CDATA[STEP_DOC [11:04:08:387] [449842:04:08:387]:STEP_DOC [11:04:08:387] [00:00:33:152]:WebElement initiated. xpath=id("select-demo")/OPTION[4]]]>
    </line>
    <line>
      <![CDATA[STEP_DOC [11:04:08:393] [00:00:33:158]:WebElement initiated. xpath=id("select-demo")/OPTION[5]]]>
    </line>
    <line>
      <![CDATA[STEP_DOC [11:04:08:393] [449842:04:08:393]:STEP_DOC [11:04:08:393] [00:00:33:158]:WebElement initiated. xpath=id("select-demo")/OPTION[5]]]>
    </line>
    <line>
      <![CDATA[STEP_DOC [11:04:08:401] [00:00:33:166]:WebElement initiated. xpath=id("select-demo")/OPTION[6]]]>
    </line>
    <line>
      <![CDATA[STEP_DOC [11:04:08:401] [449842:04:08:401]:STEP_DOC [11:04:08:401] [00:00:33:166]:WebElement initiated. xpath=id("select-demo")/OPTION[6]]]>
    </line>
    <line>
      <![CDATA[STEP_DOC [11:04:08:409] [00:00:33:174]:WebElement initiated. xpath=id("select-demo")/OPTION[7]]]>
    </line>
    <line>
      <![CDATA[STEP_DOC [11:04:08:409] [449842:04:08:409]:STEP_DOC [11:04:08:409] [00:00:33:174]:WebElement initiated. xpath=id("select-demo")/OPTION[7]]]>
    </line>
    <line>
      <![CDATA[STEP_DOC [11:04:08:419] [00:00:33:184]:WebElement initiated. xpath=id("select-demo")/OPTION[8]]]>
    </line>
    <line>
      <![CDATA[STEP_DOC [11:04:08:419] [449842:04:08:419]:STEP_DOC [11:04:08:419] [00:00:33:184]:WebElement initiated. xpath=id("select-demo")/OPTION[8]]]>
    </line>
    <line>
      <![CDATA[STEP_DOC [11:04:08:529] [00:00:33:294]:Test finished for class [com.selenium.smartwyre.test.SelectDemoTest] and method [selectDayByIndex]]]>
    </line>
    <line>
      <![CDATA[STEP_DOC [11:04:08:529] [449842:04:08:529]:STEP_DOC [11:04:08:529] [00:00:33:294]:Test finished for class [com.selenium.smartwyre.test.SelectDemoTest] and method [selectDayByIndex]]]>
    </line>
    <line>
      <![CDATA[STEP_DOC [11:04:08:530] [00:00:33:295]:Closing session.]]>
    </line>
    <line>
      <![CDATA[STEP_DOC [11:04:08:530] [449842:04:08:530]:STEP_DOC [11:04:08:530] [00:00:33:295]:Closing session.]]>
    </line>
    <line>
      <![CDATA[STEP_DOC [11:04:08:545] [00:00:33:311]:Closing window CDwindow-E80EE90586CA63220FC55B8B52E77F24]]>
    </line>
    <line>
      <![CDATA[STEP_DOC [11:04:08:546] [449842:04:08:546]:STEP_DOC [11:04:08:545] [00:00:33:311]:Closing window CDwindow-E80EE90586CA63220FC55B8B52E77F24]]>
    </line>
    <line>
      <![CDATA[STEP_DOC [11:04:08:640] [00:00:33:405]:Closed window CDwindow-E80EE90586CA63220FC55B8B52E77F24]]>
    </line>
    <line>
      <![CDATA[STEP_DOC [11:04:08:640] [449842:04:08:640]:STEP_DOC [11:04:08:640] [00:00:33:405]:Closed window CDwindow-E80EE90586CA63220FC55B8B52E77F24]]>
    </line>
    <line>
      <![CDATA[STEP_DOC [11:04:08:640] [00:00:33:405]:waiting for 3 secs before terminating the session.]]>
    </line>
    <line>
      <![CDATA[STEP_DOC [11:04:08:640] [449842:04:08:640]:STEP_DOC [11:04:08:640] [00:00:33:405]:waiting for 3 secs before terminating the session.]]>
    </line>
    <line>
      <![CDATA[STEP_DOC [11:04:11:643] [00:00:36:408]:Quitting session.]]>
    </line>
    <line>
      <![CDATA[STEP_DOC [11:04:11:644] [449842:04:11:644]:STEP_DOC [11:04:11:643] [00:00:36:408]:Quitting session.]]>
    </line>
    <line>
      <![CDATA[STEP_DOC [11:04:11:660] [00:00:36:425]:Session closed.]]>
    </line>
    <line>
      <![CDATA[STEP_DOC [11:04:11:660] [449842:04:11:660]:STEP_DOC [11:04:11:660] [00:00:36:425]:Session closed.]]>
    </line>
  </reporter-output>
  <suite started-at="2021-04-26T10:02:42Z" name="Tests" finished-at="2021-04-26T10:04:11Z" duration-ms="89107">
    <groups>
    </groups>
    <test started-at="2021-04-26T10:02:42Z" name="demotestTime" finished-at="2021-04-26T10:04:11Z" duration-ms="89107">
      <class name="com.selenium.smartwyre.test.SelectDemoTest">
        <test-method is-config="true" signature="startSession(java.lang.String, java.lang.String, java.lang.String, java.lang.String, java.lang.String, java.lang.String, java.lang.String, java.lang.String, java.lang.String)[pri:0, instance:com.selenium.smartwyre.test.SelectDemoTest@258e2e41]" started-at="2021-04-26T10:03:14Z" name="startSession" finished-at="2021-04-26T10:03:21Z" duration-ms="7282" status="PASS">
          <params>
            <param index="0">
              <value>
                <![CDATA[]]>
              </value>
            </param>
            <param index="1">
              <value>
                <![CDATA[]]>
              </value>
            </param>
            <param index="2">
              <value>
                <![CDATA[4444]]>
              </value>
            </param>
            <param index="3">
              <value>
                <![CDATA[drivers/ChromeDriver/chromedriver]]>
              </value>
            </param>
            <param index="4">
              <value is-null="true"/>
            </param>
            <param index="5">
              <value>
                <![CDATA[MAC]]>
              </value>
            </param>
            <param index="6">
              <value>
                <![CDATA[chrome]]>
              </value>
            </param>
            <param index="7">
              <value>
                <![CDATA[https://www.seleniumeasy.com/test/basic-first-form-demo.html]]>
              </value>
            </param>
            <param index="8">
              <value>
                <![CDATA[screenshots]]>
              </value>
            </param>
          </params>
          <reporter-output>
          </reporter-output>
        </test-method> <!-- startSession -->
        <test-method is-config="true" signature="initSingleTest(java.lang.String, java.lang.reflect.Method)[pri:0, instance:com.selenium.smartwyre.test.SelectDemoTest@258e2e41]" started-at="2021-04-26T10:03:21Z" name="initSingleTest" finished-at="2021-04-26T10:03:21Z" duration-ms="2" status="PASS">
          <params>
            <param index="0">
              <value>
                <![CDATA[screenshots]]>
              </value>
            </param>
            <param index="1">
              <value>
                <![CDATA[public void com.selenium.smartwyre.test.SelectDemoTest.selectDayByValue(java.lang.String) throws java.lang.Exception]]>
              </value>
            </param>
          </params>
          <reporter-output>
            <line>
              <![CDATA[STEP_DOC [11:03:21:649] [00:00:04:616]:Starting test for class [com.selenium.smartwyre.test.SelectDemoTest] and method [selectDayByValue]]]>
            </line>
            <line>
              <![CDATA[STEP_DOC [11:03:21:649] [449842:03:21:649]:STEP_DOC [11:03:21:649] [00:00:04:616]:Starting test for class [com.selenium.smartwyre.test.SelectDemoTest] and method [selectDayByValue]]]>
            </line>
          </reporter-output>
        </test-method> <!-- initSingleTest -->
        <test-method signature="selectDayByValue(java.lang.String)[pri:0, instance:com.selenium.smartwyre.test.SelectDemoTest@258e2e41]" started-at="2021-04-26T10:03:21Z" name="selectDayByValue" finished-at="2021-04-26T10:03:32Z" duration-ms="11291" status="PASS">
          <params>
            <param index="0">
              <value>
                <![CDATA[Monday]]>
              </value>
            </param>
          </params>
          <reporter-output>
            <line>
              <![CDATA[STEP_DOC [11:03:26:121] [00:00:09:088]:Done waiting for 3000 ms.]]>
            </line>
            <line>
              <![CDATA[STEP_DOC [11:03:26:121] [449842:03:26:121]:STEP_DOC [11:03:26:121] [00:00:09:088]:Done waiting for 3000 ms.]]>
            </line>
            <line>
              <![CDATA[STEP_DOC [11:03:29:336] [00:00:12:304]:Done waiting for 3000 ms.]]>
            </line>
            <line>
              <![CDATA[STEP_DOC [11:03:29:337] [449842:03:29:337]:STEP_DOC [11:03:29:336] [00:00:12:304]:Done waiting for 3000 ms.]]>
            </line>
            <line>
              <![CDATA[STEP_DOC [11:03:32:563] [00:00:15:530]:Done waiting for 2000 ms.]]>
            </line>
            <line>
              <![CDATA[STEP_DOC [11:03:32:563] [449842:03:32:563]:STEP_DOC [11:03:32:563] [00:00:15:530]:Done waiting for 2000 ms.]]>
            </line>
            <line>
              <![CDATA[STEP_DOC [11:03:32:672] [00:00:15:639]:Found [1] elements]]>
            </line>
            <line>
              <![CDATA[STEP_DOC [11:03:32:672] [449842:03:32:672]:STEP_DOC [11:03:32:672] [00:00:15:639]:Found [1] elements]]>
            </line>
            <line>
              <![CDATA[STEP_DOC [11:03:32:684] [00:00:15:651]:WebElement initiated. xpath=id("select-demo")/OPTION[3]]]>
            </line>
            <line>
              <![CDATA[STEP_DOC [11:03:32:684] [449842:03:32:684]:STEP_DOC [11:03:32:684] [00:00:15:651]:WebElement initiated. xpath=id("select-demo")/OPTION[3]]]>
            </line>
            <line>
              <![CDATA[STEP_DOC [11:03:32:772] [00:00:15:739]:Found [8] elements]]>
            </line>
            <line>
              <![CDATA[STEP_DOC [11:03:32:772] [449842:03:32:772]:STEP_DOC [11:03:32:772] [00:00:15:739]:Found [8] elements]]>
            </line>
            <line>
              <![CDATA[STEP_DOC [11:03:32:785] [00:00:15:753]:WebElement initiated. xpath=id("select-demo")/OPTION[1]]]>
            </line>
            <line>
              <![CDATA[STEP_DOC [11:03:32:786] [449842:03:32:786]:STEP_DOC [11:03:32:785] [00:00:15:753]:WebElement initiated. xpath=id("select-demo")/OPTION[1]]]>
            </line>
            <line>
              <![CDATA[STEP_DOC [11:03:32:800] [00:00:15:767]:WebElement initiated. xpath=id("select-demo")/OPTION[2]]]>
            </line>
            <line>
              <![CDATA[STEP_DOC [11:03:32:800] [449842:03:32:800]:STEP_DOC [11:03:32:800] [00:00:15:767]:WebElement initiated. xpath=id("select-demo")/OPTION[2]]]>
            </line>
            <line>
              <![CDATA[STEP_DOC [11:03:32:809] [00:00:15:776]:WebElement initiated. xpath=id("select-demo")/OPTION[3]]]>
            </line>
            <line>
              <![CDATA[STEP_DOC [11:03:32:810] [449842:03:32:810]:STEP_DOC [11:03:32:809] [00:00:15:776]:WebElement initiated. xpath=id("select-demo")/OPTION[3]]]>
            </line>
            <line>
              <![CDATA[STEP_DOC [11:03:32:819] [00:00:15:786]:WebElement initiated. xpath=id("select-demo")/OPTION[4]]]>
            </line>
            <line>
              <![CDATA[STEP_DOC [11:03:32:819] [449842:03:32:819]:STEP_DOC [11:03:32:819] [00:00:15:786]:WebElement initiated. xpath=id("select-demo")/OPTION[4]]]>
            </line>
            <line>
              <![CDATA[STEP_DOC [11:03:32:829] [00:00:15:796]:WebElement initiated. xpath=id("select-demo")/OPTION[5]]]>
            </line>
            <line>
              <![CDATA[STEP_DOC [11:03:32:829] [449842:03:32:829]:STEP_DOC [11:03:32:829] [00:00:15:796]:WebElement initiated. xpath=id("select-demo")/OPTION[5]]]>
            </line>
            <line>
              <![CDATA[STEP_DOC [11:03:32:840] [00:00:15:807]:WebElement initiated. xpath=id("select-demo")/OPTION[6]]]>
            </line>
            <line>
              <![CDATA[STEP_DOC [11:03:32:840] [449842:03:32:840]:STEP_DOC [11:03:32:840] [00:00:15:807]:WebElement initiated. xpath=id("select-demo")/OPTION[6]]]>
            </line>
            <line>
              <![CDATA[STEP_DOC [11:03:32:852] [00:00:15:819]:WebElement initiated. xpath=id("select-demo")/OPTION[7]]]>
            </line>
            <line>
              <![CDATA[STEP_DOC [11:03:32:852] [449842:03:32:852]:STEP_DOC [11:03:32:852] [00:00:15:819]:WebElement initiated. xpath=id("select-demo")/OPTION[7]]]>
            </line>
            <line>
              <![CDATA[STEP_DOC [11:03:32:862] [00:00:15:829]:WebElement initiated. xpath=id("select-demo")/OPTION[8]]]>
            </line>
            <line>
              <![CDATA[STEP_DOC [11:03:32:862] [449842:03:32:862]:STEP_DOC [11:03:32:862] [00:00:15:829]:WebElement initiated. xpath=id("select-demo")/OPTION[8]]]>
            </line>
          </reporter-output>
        </test-method> <!-- selectDayByValue -->
        <test-method is-config="true" signature="finalizeTest(java.lang.reflect.Method)[pri:0, instance:com.selenium.smartwyre.test.SelectDemoTest@258e2e41]" started-at="2021-04-26T10:03:32Z" name="finalizeTest" finished-at="2021-04-26T10:03:32Z" duration-ms="0" status="PASS">
          <params>
            <param index="0">
              <value>
                <![CDATA[public void com.selenium.smartwyre.test.SelectDemoTest.selectDayByValue(java.lang.String) throws java.lang.Exception]]>
              </value>
            </param>
          </params>
          <reporter-output>
            <line>
              <![CDATA[STEP_DOC [11:03:32:942] [00:00:15:909]:Test finished for class [com.selenium.smartwyre.test.SelectDemoTest] and method [selectDayByValue]]]>
            </line>
            <line>
              <![CDATA[STEP_DOC [11:03:32:942] [449842:03:32:942]:STEP_DOC [11:03:32:942] [00:00:15:909]:Test finished for class [com.selenium.smartwyre.test.SelectDemoTest] and method [selectDayByValue]]]>
            </line>
          </reporter-output>
        </test-method> <!-- finalizeTest -->
        <test-method is-config="true" signature="initSingleTest(java.lang.String, java.lang.reflect.Method)[pri:0, instance:com.selenium.smartwyre.test.SelectDemoTest@258e2e41]" started-at="2021-04-26T10:04:07Z" name="initSingleTest" finished-at="2021-04-26T10:04:07Z" duration-ms="1" status="PASS">
          <params>
            <param index="0">
              <value>
                <![CDATA[screenshots]]>
              </value>
            </param>
            <param index="1">
              <value>
                <![CDATA[public void com.selenium.smartwyre.test.SelectDemoTest.multipleSelectCounrtiesDemo(java.lang.String) throws java.lang.Exception]]>
              </value>
            </param>
          </params>
          <reporter-output>
            <line>
              <![CDATA[STEP_DOC [11:04:07:336] [00:00:32:101]:Starting test for class [com.selenium.smartwyre.test.SelectDemoTest] and method [multipleSelectCounrtiesDemo]]]>
            </line>
            <line>
              <![CDATA[STEP_DOC [11:04:07:336] [449842:04:07:336]:STEP_DOC [11:04:07:336] [00:00:32:101]:Starting test for class [com.selenium.smartwyre.test.SelectDemoTest] and method [multipleSelectCounrtiesDemo]]]>
            </line>
          </reporter-output>
        </test-method> <!-- initSingleTest -->
        <test-method signature="multipleSelectCounrtiesDemo(java.lang.String)[pri:0, instance:com.selenium.smartwyre.test.SelectDemoTest@258e2e41]" started-at="2021-04-26T10:04:07Z" name="multipleSelectCounrtiesDemo" finished-at="2021-04-26T10:04:08Z" depends-on-methods="com.selenium.smartwyre.test.SelectDemoTest.selectDayByValue" duration-ms="691" status="PASS">
          <params>
            <param index="0">
              <value>
                <![CDATA[California,Ohio,Pennsylvania,Ohio]]>
              </value>
            </param>
          </params>
          <reporter-output>
            <line>
              <![CDATA[STEP_DOC [11:04:07:442] [00:00:32:207]:Found [1] elements]]>
            </line>
            <line>
              <![CDATA[STEP_DOC [11:04:07:442] [449842:04:07:442]:STEP_DOC [11:04:07:442] [00:00:32:207]:Found [1] elements]]>
            </line>
            <line>
              <![CDATA[STEP_DOC [11:04:07:452] [00:00:32:217]:WebElement initiated. xpath=id("multi-select")/OPTION[1]]]>
            </line>
            <line>
              <![CDATA[STEP_DOC [11:04:07:452] [449842:04:07:452]:STEP_DOC [11:04:07:452] [00:00:32:217]:WebElement initiated. xpath=id("multi-select")/OPTION[1]]]>
            </line>
            <line>
              <![CDATA[STEP_DOC [11:04:07:542] [00:00:32:307]:Found [1] elements]]>
            </line>
            <line>
              <![CDATA[STEP_DOC [11:04:07:542] [449842:04:07:542]:STEP_DOC [11:04:07:542] [00:00:32:307]:Found [1] elements]]>
            </line>
            <line>
              <![CDATA[STEP_DOC [11:04:07:553] [00:00:32:318]:WebElement initiated. xpath=id("multi-select")/OPTION[5]]]>
            </line>
            <line>
              <![CDATA[STEP_DOC [11:04:07:553] [449842:04:07:553]:STEP_DOC [11:04:07:553] [00:00:32:318]:WebElement initiated. xpath=id("multi-select")/OPTION[5]]]>
            </line>
            <line>
              <![CDATA[STEP_DOC [11:04:07:641] [00:00:32:406]:Found [1] elements]]>
            </line>
            <line>
              <![CDATA[STEP_DOC [11:04:07:641] [449842:04:07:641]:STEP_DOC [11:04:07:641] [00:00:32:406]:Found [1] elements]]>
            </line>
            <line>
              <![CDATA[STEP_DOC [11:04:07:650] [00:00:32:415]:WebElement initiated. xpath=id("multi-select")/OPTION[7]]]>
            </line>
            <line>
              <![CDATA[STEP_DOC [11:04:07:650] [449842:04:07:650]:STEP_DOC [11:04:07:650] [00:00:32:415]:WebElement initiated. xpath=id("multi-select")/OPTION[7]]]>
            </line>
            <line>
              <![CDATA[STEP_DOC [11:04:07:725] [00:00:32:490]:Found [1] elements]]>
            </line>
            <line>
              <![CDATA[STEP_DOC [11:04:07:725] [449842:04:07:725]:STEP_DOC [11:04:07:725] [00:00:32:490]:Found [1] elements]]>
            </line>
            <line>
              <![CDATA[STEP_DOC [11:04:07:732] [00:00:32:497]:WebElement initiated. xpath=id("multi-select")/OPTION[5]]]>
            </line>
            <line>
              <![CDATA[STEP_DOC [11:04:07:732] [449842:04:07:732]:STEP_DOC [11:04:07:732] [00:00:32:497]:WebElement initiated. xpath=id("multi-select")/OPTION[5]]]>
            </line>
            <line>
              <![CDATA[STEP_DOC [11:04:07:766] [00:00:32:531]:Found [8] elements]]>
            </line>
            <line>
              <![CDATA[STEP_DOC [11:04:07:766] [449842:04:07:766]:STEP_DOC [11:04:07:766] [00:00:32:531]:Found [8] elements]]>
            </line>
            <line>
              <![CDATA[STEP_DOC [11:04:07:772] [00:00:32:537]:WebElement initiated. xpath=id("multi-select")/OPTION[1]]]>
            </line>
            <line>
              <![CDATA[STEP_DOC [11:04:07:772] [449842:04:07:773]:STEP_DOC [11:04:07:772] [00:00:32:537]:WebElement initiated. xpath=id("multi-select")/OPTION[1]]]>
            </line>
            <line>
              <![CDATA[STEP_DOC [11:04:07:780] [00:00:32:545]:WebElement initiated. xpath=id("multi-select")/OPTION[2]]]>
            </line>
            <line>
              <![CDATA[STEP_DOC [11:04:07:781] [449842:04:07:781]:STEP_DOC [11:04:07:780] [00:00:32:545]:WebElement initiated. xpath=id("multi-select")/OPTION[2]]]>
            </line>
            <line>
              <![CDATA[STEP_DOC [11:04:07:789] [00:00:32:554]:WebElement initiated. xpath=id("multi-select")/OPTION[3]]]>
            </line>
            <line>
              <![CDATA[STEP_DOC [11:04:07:789] [449842:04:07:789]:STEP_DOC [11:04:07:789] [00:00:32:554]:WebElement initiated. xpath=id("multi-select")/OPTION[3]]]>
            </line>
            <line>
              <![CDATA[STEP_DOC [11:04:07:797] [00:00:32:562]:WebElement initiated. xpath=id("multi-select")/OPTION[4]]]>
            </line>
            <line>
              <![CDATA[STEP_DOC [11:04:07:797] [449842:04:07:797]:STEP_DOC [11:04:07:797] [00:00:32:562]:WebElement initiated. xpath=id("multi-select")/OPTION[4]]]>
            </line>
            <line>
              <![CDATA[STEP_DOC [11:04:07:804] [00:00:32:569]:WebElement initiated. xpath=id("multi-select")/OPTION[5]]]>
            </line>
            <line>
              <![CDATA[STEP_DOC [11:04:07:804] [449842:04:07:804]:STEP_DOC [11:04:07:804] [00:00:32:569]:WebElement initiated. xpath=id("multi-select")/OPTION[5]]]>
            </line>
            <line>
              <![CDATA[STEP_DOC [11:04:07:817] [00:00:32:582]:WebElement initiated. xpath=id("multi-select")/OPTION[6]]]>
            </line>
            <line>
              <![CDATA[STEP_DOC [11:04:07:817] [449842:04:07:817]:STEP_DOC [11:04:07:817] [00:00:32:582]:WebElement initiated. xpath=id("multi-select")/OPTION[6]]]>
            </line>
            <line>
              <![CDATA[STEP_DOC [11:04:07:825] [00:00:32:590]:WebElement initiated. xpath=id("multi-select")/OPTION[7]]]>
            </line>
            <line>
              <![CDATA[STEP_DOC [11:04:07:825] [449842:04:07:826]:STEP_DOC [11:04:07:825] [00:00:32:590]:WebElement initiated. xpath=id("multi-select")/OPTION[7]]]>
            </line>
            <line>
              <![CDATA[STEP_DOC [11:04:07:834] [00:00:32:599]:WebElement initiated. xpath=id("multi-select")/OPTION[8]]]>
            </line>
            <line>
              <![CDATA[STEP_DOC [11:04:07:834] [449842:04:07:834]:STEP_DOC [11:04:07:834] [00:00:32:599]:WebElement initiated. xpath=id("multi-select")/OPTION[8]]]>
            </line>
          </reporter-output>
        </test-method> <!-- multipleSelectCounrtiesDemo -->
        <test-method is-config="true" signature="finalizeTest(java.lang.reflect.Method)[pri:0, instance:com.selenium.smartwyre.test.SelectDemoTest@258e2e41]" started-at="2021-04-26T10:04:08Z" name="finalizeTest" finished-at="2021-04-26T10:04:08Z" duration-ms="1" status="PASS">
          <params>
            <param index="0">
              <value>
                <![CDATA[public void com.selenium.smartwyre.test.SelectDemoTest.multipleSelectCounrtiesDemo(java.lang.String) throws java.lang.Exception]]>
              </value>
            </param>
          </params>
          <reporter-output>
            <line>
              <![CDATA[STEP_DOC [11:04:08:028] [00:00:32:793]:Test finished for class [com.selenium.smartwyre.test.SelectDemoTest] and method [multipleSelectCounrtiesDemo]]]>
            </line>
            <line>
              <![CDATA[STEP_DOC [11:04:08:028] [449842:04:08:029]:STEP_DOC [11:04:08:028] [00:00:32:793]:Test finished for class [com.selenium.smartwyre.test.SelectDemoTest] and method [multipleSelectCounrtiesDemo]]]>
            </line>
          </reporter-output>
        </test-method> <!-- finalizeTest -->
        <test-method is-config="true" signature="initSingleTest(java.lang.String, java.lang.reflect.Method)[pri:0, instance:com.selenium.smartwyre.test.SelectDemoTest@258e2e41]" started-at="2021-04-26T10:04:08Z" name="initSingleTest" finished-at="2021-04-26T10:04:08Z" duration-ms="1" status="PASS">
          <params>
            <param index="0">
              <value>
                <![CDATA[screenshots]]>
              </value>
            </param>
            <param index="1">
              <value>
                <![CDATA[public void com.selenium.smartwyre.test.SelectDemoTest.selectDayByIndex(java.lang.String) throws java.lang.Exception]]>
              </value>
            </param>
          </params>
          <reporter-output>
            <line>
              <![CDATA[STEP_DOC [11:04:08:030] [00:00:32:795]:Starting test for class [com.selenium.smartwyre.test.SelectDemoTest] and method [selectDayByIndex]]]>
            </line>
            <line>
              <![CDATA[STEP_DOC [11:04:08:030] [449842:04:08:030]:STEP_DOC [11:04:08:030] [00:00:32:795]:Starting test for class [com.selenium.smartwyre.test.SelectDemoTest] and method [selectDayByIndex]]]>
            </line>
          </reporter-output>
        </test-method> <!-- initSingleTest -->
        <test-method signature="selectDayByIndex(java.lang.String)[pri:0, instance:com.selenium.smartwyre.test.SelectDemoTest@258e2e41]" started-at="2021-04-26T10:04:08Z" name="selectDayByIndex" finished-at="2021-04-26T10:04:08Z" depends-on-methods="com.selenium.smartwyre.test.SelectDemoTest.selectDayByValue" duration-ms="498" status="PASS">
          <params>
            <param index="0">
              <value>
                <![CDATA[4]]>
              </value>
            </param>
          </params>
          <reporter-output>
            <line>
              <![CDATA[STEP_DOC [11:04:08:119] [00:00:32:884]:Found [8] elements]]>
            </line>
            <line>
              <![CDATA[STEP_DOC [11:04:08:119] [449842:04:08:119]:STEP_DOC [11:04:08:119] [00:00:32:884]:Found [8] elements]]>
            </line>
            <line>
              <![CDATA[STEP_DOC [11:04:08:128] [00:00:32:893]:WebElement initiated. xpath=id("select-demo")/OPTION[1]]]>
            </line>
            <line>
              <![CDATA[STEP_DOC [11:04:08:128] [449842:04:08:128]:STEP_DOC [11:04:08:128] [00:00:32:893]:WebElement initiated. xpath=id("select-demo")/OPTION[1]]]>
            </line>
            <line>
              <![CDATA[STEP_DOC [11:04:08:136] [00:00:32:901]:WebElement initiated. xpath=id("select-demo")/OPTION[2]]]>
            </line>
            <line>
              <![CDATA[STEP_DOC [11:04:08:136] [449842:04:08:136]:STEP_DOC [11:04:08:136] [00:00:32:901]:WebElement initiated. xpath=id("select-demo")/OPTION[2]]]>
            </line>
            <line>
              <![CDATA[STEP_DOC [11:04:08:145] [00:00:32:910]:WebElement initiated. xpath=id("select-demo")/OPTION[3]]]>
            </line>
            <line>
              <![CDATA[STEP_DOC [11:04:08:145] [449842:04:08:145]:STEP_DOC [11:04:08:145] [00:00:32:910]:WebElement initiated. xpath=id("select-demo")/OPTION[3]]]>
            </line>
            <line>
              <![CDATA[STEP_DOC [11:04:08:154] [00:00:32:919]:WebElement initiated. xpath=id("select-demo")/OPTION[4]]]>
            </line>
            <line>
              <![CDATA[STEP_DOC [11:04:08:154] [449842:04:08:154]:STEP_DOC [11:04:08:154] [00:00:32:919]:WebElement initiated. xpath=id("select-demo")/OPTION[4]]]>
            </line>
            <line>
              <![CDATA[STEP_DOC [11:04:08:162] [00:00:32:927]:WebElement initiated. xpath=id("select-demo")/OPTION[5]]]>
            </line>
            <line>
              <![CDATA[STEP_DOC [11:04:08:162] [449842:04:08:162]:STEP_DOC [11:04:08:162] [00:00:32:927]:WebElement initiated. xpath=id("select-demo")/OPTION[5]]]>
            </line>
            <line>
              <![CDATA[STEP_DOC [11:04:08:172] [00:00:32:937]:WebElement initiated. xpath=id("select-demo")/OPTION[6]]]>
            </line>
            <line>
              <![CDATA[STEP_DOC [11:04:08:172] [449842:04:08:172]:STEP_DOC [11:04:08:172] [00:00:32:937]:WebElement initiated. xpath=id("select-demo")/OPTION[6]]]>
            </line>
            <line>
              <![CDATA[STEP_DOC [11:04:08:180] [00:00:32:945]:WebElement initiated. xpath=id("select-demo")/OPTION[7]]]>
            </line>
            <line>
              <![CDATA[STEP_DOC [11:04:08:180] [449842:04:08:181]:STEP_DOC [11:04:08:180] [00:00:32:945]:WebElement initiated. xpath=id("select-demo")/OPTION[7]]]>
            </line>
            <line>
              <![CDATA[STEP_DOC [11:04:08:189] [00:00:32:954]:WebElement initiated. xpath=id("select-demo")/OPTION[8]]]>
            </line>
            <line>
              <![CDATA[STEP_DOC [11:04:08:190] [449842:04:08:190]:STEP_DOC [11:04:08:189] [00:00:32:954]:WebElement initiated. xpath=id("select-demo")/OPTION[8]]]>
            </line>
            <line>
              <![CDATA[STEP_DOC [11:04:08:353] [00:00:33:118]:Found [8] elements]]>
            </line>
            <line>
              <![CDATA[STEP_DOC [11:04:08:353] [449842:04:08:353]:STEP_DOC [11:04:08:353] [00:00:33:118]:Found [8] elements]]>
            </line>
            <line>
              <![CDATA[STEP_DOC [11:04:08:362] [00:00:33:127]:WebElement initiated. xpath=id("select-demo")/OPTION[1]]]>
            </line>
            <line>
              <![CDATA[STEP_DOC [11:04:08:362] [449842:04:08:362]:STEP_DOC [11:04:08:362] [00:00:33:127]:WebElement initiated. xpath=id("select-demo")/OPTION[1]]]>
            </line>
            <line>
              <![CDATA[STEP_DOC [11:04:08:372] [00:00:33:137]:WebElement initiated. xpath=id("select-demo")/OPTION[2]]]>
            </line>
            <line>
              <![CDATA[STEP_DOC [11:04:08:372] [449842:04:08:372]:STEP_DOC [11:04:08:372] [00:00:33:137]:WebElement initiated. xpath=id("select-demo")/OPTION[2]]]>
            </line>
            <line>
              <![CDATA[STEP_DOC [11:04:08:379] [00:00:33:144]:WebElement initiated. xpath=id("select-demo")/OPTION[3]]]>
            </line>
            <line>
              <![CDATA[STEP_DOC [11:04:08:379] [449842:04:08:379]:STEP_DOC [11:04:08:379] [00:00:33:144]:WebElement initiated. xpath=id("select-demo")/OPTION[3]]]>
            </line>
            <line>
              <![CDATA[STEP_DOC [11:04:08:387] [00:00:33:152]:WebElement initiated. xpath=id("select-demo")/OPTION[4]]]>
            </line>
            <line>
              <![CDATA[STEP_DOC [11:04:08:387] [449842:04:08:387]:STEP_DOC [11:04:08:387] [00:00:33:152]:WebElement initiated. xpath=id("select-demo")/OPTION[4]]]>
            </line>
            <line>
              <![CDATA[STEP_DOC [11:04:08:393] [00:00:33:158]:WebElement initiated. xpath=id("select-demo")/OPTION[5]]]>
            </line>
            <line>
              <![CDATA[STEP_DOC [11:04:08:393] [449842:04:08:393]:STEP_DOC [11:04:08:393] [00:00:33:158]:WebElement initiated. xpath=id("select-demo")/OPTION[5]]]>
            </line>
            <line>
              <![CDATA[STEP_DOC [11:04:08:401] [00:00:33:166]:WebElement initiated. xpath=id("select-demo")/OPTION[6]]]>
            </line>
            <line>
              <![CDATA[STEP_DOC [11:04:08:401] [449842:04:08:401]:STEP_DOC [11:04:08:401] [00:00:33:166]:WebElement initiated. xpath=id("select-demo")/OPTION[6]]]>
            </line>
            <line>
              <![CDATA[STEP_DOC [11:04:08:409] [00:00:33:174]:WebElement initiated. xpath=id("select-demo")/OPTION[7]]]>
            </line>
            <line>
              <![CDATA[STEP_DOC [11:04:08:409] [449842:04:08:409]:STEP_DOC [11:04:08:409] [00:00:33:174]:WebElement initiated. xpath=id("select-demo")/OPTION[7]]]>
            </line>
            <line>
              <![CDATA[STEP_DOC [11:04:08:419] [00:00:33:184]:WebElement initiated. xpath=id("select-demo")/OPTION[8]]]>
            </line>
            <line>
              <![CDATA[STEP_DOC [11:04:08:419] [449842:04:08:419]:STEP_DOC [11:04:08:419] [00:00:33:184]:WebElement initiated. xpath=id("select-demo")/OPTION[8]]]>
            </line>
          </reporter-output>
        </test-method> <!-- selectDayByIndex -->
        <test-method is-config="true" signature="finalizeTest(java.lang.reflect.Method)[pri:0, instance:com.selenium.smartwyre.test.SelectDemoTest@258e2e41]" started-at="2021-04-26T10:04:08Z" name="finalizeTest" finished-at="2021-04-26T10:04:08Z" duration-ms="0" status="PASS">
          <params>
            <param index="0">
              <value>
                <![CDATA[public void com.selenium.smartwyre.test.SelectDemoTest.selectDayByIndex(java.lang.String) throws java.lang.Exception]]>
              </value>
            </param>
          </params>
          <reporter-output>
            <line>
              <![CDATA[STEP_DOC [11:04:08:529] [00:00:33:294]:Test finished for class [com.selenium.smartwyre.test.SelectDemoTest] and method [selectDayByIndex]]]>
            </line>
            <line>
              <![CDATA[STEP_DOC [11:04:08:529] [449842:04:08:529]:STEP_DOC [11:04:08:529] [00:00:33:294]:Test finished for class [com.selenium.smartwyre.test.SelectDemoTest] and method [selectDayByIndex]]]>
            </line>
          </reporter-output>
        </test-method> <!-- finalizeTest -->
        <test-method is-config="true" signature="closeSession()[pri:0, instance:com.selenium.smartwyre.test.SelectDemoTest@258e2e41]" started-at="2021-04-26T10:04:08Z" name="closeSession" finished-at="2021-04-26T10:04:11Z" duration-ms="3130" status="PASS">
          <reporter-output>
            <line>
              <![CDATA[STEP_DOC [11:04:08:530] [00:00:33:295]:Closing session.]]>
            </line>
            <line>
              <![CDATA[STEP_DOC [11:04:08:530] [449842:04:08:530]:STEP_DOC [11:04:08:530] [00:00:33:295]:Closing session.]]>
            </line>
            <line>
              <![CDATA[STEP_DOC [11:04:08:545] [00:00:33:311]:Closing window CDwindow-E80EE90586CA63220FC55B8B52E77F24]]>
            </line>
            <line>
              <![CDATA[STEP_DOC [11:04:08:546] [449842:04:08:546]:STEP_DOC [11:04:08:545] [00:00:33:311]:Closing window CDwindow-E80EE90586CA63220FC55B8B52E77F24]]>
            </line>
            <line>
              <![CDATA[STEP_DOC [11:04:08:640] [00:00:33:405]:Closed window CDwindow-E80EE90586CA63220FC55B8B52E77F24]]>
            </line>
            <line>
              <![CDATA[STEP_DOC [11:04:08:640] [449842:04:08:640]:STEP_DOC [11:04:08:640] [00:00:33:405]:Closed window CDwindow-E80EE90586CA63220FC55B8B52E77F24]]>
            </line>
            <line>
              <![CDATA[STEP_DOC [11:04:08:640] [00:00:33:405]:waiting for 3 secs before terminating the session.]]>
            </line>
            <line>
              <![CDATA[STEP_DOC [11:04:08:640] [449842:04:08:640]:STEP_DOC [11:04:08:640] [00:00:33:405]:waiting for 3 secs before terminating the session.]]>
            </line>
            <line>
              <![CDATA[STEP_DOC [11:04:11:643] [00:00:36:408]:Quitting session.]]>
            </line>
            <line>
              <![CDATA[STEP_DOC [11:04:11:644] [449842:04:11:644]:STEP_DOC [11:04:11:643] [00:00:36:408]:Quitting session.]]>
            </line>
            <line>
              <![CDATA[STEP_DOC [11:04:11:660] [00:00:36:425]:Session closed.]]>
            </line>
            <line>
              <![CDATA[STEP_DOC [11:04:11:660] [449842:04:11:660]:STEP_DOC [11:04:11:660] [00:00:36:425]:Session closed.]]>
            </line>
          </reporter-output>
        </test-method> <!-- closeSession -->
      </class> <!-- com.selenium.smartwyre.test.SelectDemoTest -->
      <class name="com.selenium.smartwyre.test.DragAndDropDemoTest">
        <test-method is-config="true" signature="startSession(java.lang.String, java.lang.String, java.lang.String, java.lang.String, java.lang.String, java.lang.String, java.lang.String, java.lang.String, java.lang.String)[pri:0, instance:com.selenium.smartwyre.test.DragAndDropDemoTest@3d299e3]" started-at="2021-04-26T10:03:32Z" name="startSession" finished-at="2021-04-26T10:03:39Z" duration-ms="6819" status="PASS">
          <params>
            <param index="0">
              <value>
                <![CDATA[]]>
              </value>
            </param>
            <param index="1">
              <value>
                <![CDATA[]]>
              </value>
            </param>
            <param index="2">
              <value>
                <![CDATA[4444]]>
              </value>
            </param>
            <param index="3">
              <value>
                <![CDATA[drivers/ChromeDriver/chromedriver]]>
              </value>
            </param>
            <param index="4">
              <value is-null="true"/>
            </param>
            <param index="5">
              <value>
                <![CDATA[MAC]]>
              </value>
            </param>
            <param index="6">
              <value>
                <![CDATA[chrome]]>
              </value>
            </param>
            <param index="7">
              <value>
                <![CDATA[https://www.seleniumeasy.com/test/basic-first-form-demo.html]]>
              </value>
            </param>
            <param index="8">
              <value>
                <![CDATA[screenshots]]>
              </value>
            </param>
          </params>
          <reporter-output>
          </reporter-output>
        </test-method> <!-- startSession -->
        <test-method is-config="true" signature="initSingleTest(java.lang.String, java.lang.reflect.Method)[pri:0, instance:com.selenium.smartwyre.test.DragAndDropDemoTest@3d299e3]" started-at="2021-04-26T10:03:39Z" name="initSingleTest" finished-at="2021-04-26T10:03:39Z" duration-ms="2" status="PASS">
          <params>
            <param index="0">
              <value>
                <![CDATA[screenshots]]>
              </value>
            </param>
            <param index="1">
              <value>
                <![CDATA[public void com.selenium.smartwyre.test.DragAndDropDemoTest.dragDropTest(java.lang.String) throws java.lang.Exception]]>
              </value>
            </param>
          </params>
          <reporter-output>
            <line>
              <![CDATA[STEP_DOC [11:03:39:764] [00:00:04:529]:Starting test for class [com.selenium.smartwyre.test.DragAndDropDemoTest] and method [dragDropTest]]]>
            </line>
            <line>
              <![CDATA[STEP_DOC [11:03:39:764] [449842:03:39:765]:STEP_DOC [11:03:39:764] [00:00:04:529]:Starting test for class [com.selenium.smartwyre.test.DragAndDropDemoTest] and method [dragDropTest]]]>
            </line>
          </reporter-output>
        </test-method> <!-- initSingleTest -->
        <test-method signature="dragDropTest(java.lang.String)[pri:0, instance:com.selenium.smartwyre.test.DragAndDropDemoTest@3d299e3]" started-at="2021-04-26T10:03:39Z" name="dragDropTest" finished-at="2021-04-26T10:04:04Z" duration-ms="24333" status="PASS">
          <params>
            <param index="0">
              <value>
                <![CDATA[Draggable 1,Draggable 3]]>
              </value>
            </param>
          </params>
          <reporter-output>
            <line>
              <![CDATA[STEP_DOC [11:03:44:054] [00:00:08:819]:Done waiting for 3000 ms.]]>
            </line>
            <line>
              <![CDATA[STEP_DOC [11:03:44:054] [449842:03:44:054]:STEP_DOC [11:03:44:054] [00:00:08:819]:Done waiting for 3000 ms.]]>
            </line>
            <line>
              <![CDATA[STEP_DOC [11:03:47:311] [00:00:12:076]:Done waiting for 3000 ms.]]>
            </line>
            <line>
              <![CDATA[STEP_DOC [11:03:47:311] [449842:03:47:311]:STEP_DOC [11:03:47:311] [00:00:12:076]:Done waiting for 3000 ms.]]>
            </line>
            <line>
              <![CDATA[STEP_DOC [11:03:49:654] [00:00:14:419]:Done waiting for 2000 ms.]]>
            </line>
            <line>
              <![CDATA[STEP_DOC [11:03:49:654] [449842:03:49:655]:STEP_DOC [11:03:49:654] [00:00:14:419]:Done waiting for 2000 ms.]]>
            </line>
            <line>
              <![CDATA[STEP_DOC [11:03:56:449] [00:00:21:214]:Done waiting for 3000 ms.]]>
            </line>
            <line>
              <![CDATA[STEP_DOC [11:03:56:449] [449842:03:56:449]:STEP_DOC [11:03:56:449] [00:00:21:214]:Done waiting for 3000 ms.]]>
            </line>
            <line>
              <![CDATA[STEP_DOC [11:04:03:151] [00:00:27:916]:Done waiting for 3000 ms.]]>
            </line>
            <line>
              <![CDATA[STEP_DOC [11:04:03:151] [449842:04:03:151]:STEP_DOC [11:04:03:151] [00:00:27:916]:Done waiting for 3000 ms.]]>
            </line>
          </reporter-output>
        </test-method> <!-- dragDropTest -->
        <test-method is-config="true" signature="finalizeTest(java.lang.reflect.Method)[pri:0, instance:com.selenium.smartwyre.test.DragAndDropDemoTest@3d299e3]" started-at="2021-04-26T10:04:04Z" name="finalizeTest" finished-at="2021-04-26T10:04:04Z" duration-ms="2" status="PASS">
          <params>
            <param index="0">
              <value>
                <![CDATA[public void com.selenium.smartwyre.test.DragAndDropDemoTest.dragDropTest(java.lang.String) throws java.lang.Exception]]>
              </value>
            </param>
          </params>
          <reporter-output>
            <line>
              <![CDATA[STEP_DOC [11:04:04:101] [00:00:28:866]:Test finished for class [com.selenium.smartwyre.test.DragAndDropDemoTest] and method [dragDropTest]]]>
            </line>
            <line>
              <![CDATA[STEP_DOC [11:04:04:101] [449842:04:04:101]:STEP_DOC [11:04:04:101] [00:00:28:866]:Test finished for class [com.selenium.smartwyre.test.DragAndDropDemoTest] and method [dragDropTest]]]>
            </line>
          </reporter-output>
        </test-method> <!-- finalizeTest -->
        <test-method is-config="true" signature="closeSession()[pri:0, instance:com.selenium.smartwyre.test.DragAndDropDemoTest@3d299e3]" started-at="2021-04-26T10:04:04Z" name="closeSession" finished-at="2021-04-26T10:04:07Z" duration-ms="3231" status="PASS">
          <reporter-output>
            <line>
              <![CDATA[STEP_DOC [11:04:04:102] [00:00:28:867]:Closing session.]]>
            </line>
            <line>
              <![CDATA[STEP_DOC [11:04:04:102] [449842:04:04:103]:STEP_DOC [11:04:04:102] [00:00:28:867]:Closing session.]]>
            </line>
            <line>
              <![CDATA[STEP_DOC [11:04:04:118] [00:00:28:884]:Closing window CDwindow-84B586D52C8EC8649FF7E218A75C1D81]]>
            </line>
            <line>
              <![CDATA[STEP_DOC [11:04:04:119] [449842:04:04:119]:STEP_DOC [11:04:04:118] [00:00:28:884]:Closing window CDwindow-84B586D52C8EC8649FF7E218A75C1D81]]>
            </line>
            <line>
              <![CDATA[STEP_DOC [11:04:04:308] [00:00:29:073]:Closed window CDwindow-84B586D52C8EC8649FF7E218A75C1D81]]>
            </line>
            <line>
              <![CDATA[STEP_DOC [11:04:04:308] [449842:04:04:308]:STEP_DOC [11:04:04:308] [00:00:29:073]:Closed window CDwindow-84B586D52C8EC8649FF7E218A75C1D81]]>
            </line>
            <line>
              <![CDATA[STEP_DOC [11:04:04:308] [00:00:29:074]:waiting for 3 secs before terminating the session.]]>
            </line>
            <line>
              <![CDATA[STEP_DOC [11:04:04:309] [449842:04:04:309]:STEP_DOC [11:04:04:308] [00:00:29:074]:waiting for 3 secs before terminating the session.]]>
            </line>
            <line>
              <![CDATA[STEP_DOC [11:04:07:313] [00:00:32:078]:Quitting session.]]>
            </line>
            <line>
              <![CDATA[STEP_DOC [11:04:07:314] [449842:04:07:314]:STEP_DOC [11:04:07:313] [00:00:32:078]:Quitting session.]]>
            </line>
            <line>
              <![CDATA[STEP_DOC [11:04:07:333] [00:00:32:098]:Session closed.]]>
            </line>
            <line>
              <![CDATA[STEP_DOC [11:04:07:333] [449842:04:07:333]:STEP_DOC [11:04:07:333] [00:00:32:098]:Session closed.]]>
            </line>
          </reporter-output>
        </test-method> <!-- closeSession -->
      </class> <!-- com.selenium.smartwyre.test.DragAndDropDemoTest -->
      <class name="com.selenium.smartwyre.test.SimpleInputDemoTest">
        <test-method is-config="true" signature="startSession(java.lang.String, java.lang.String, java.lang.String, java.lang.String, java.lang.String, java.lang.String, java.lang.String, java.lang.String, java.lang.String)[pri:0, instance:com.selenium.smartwyre.test.SimpleInputDemoTest@5906ebcb]" started-at="2021-04-26T10:02:42Z" name="startSession" finished-at="2021-04-26T10:02:52Z" duration-ms="9588" status="PASS">
          <params>
            <param index="0">
              <value>
                <![CDATA[]]>
              </value>
            </param>
            <param index="1">
              <value>
                <![CDATA[]]>
              </value>
            </param>
            <param index="2">
              <value>
                <![CDATA[4444]]>
              </value>
            </param>
            <param index="3">
              <value>
                <![CDATA[drivers/ChromeDriver/chromedriver]]>
              </value>
            </param>
            <param index="4">
              <value is-null="true"/>
            </param>
            <param index="5">
              <value>
                <![CDATA[MAC]]>
              </value>
            </param>
            <param index="6">
              <value>
                <![CDATA[chrome]]>
              </value>
            </param>
            <param index="7">
              <value>
                <![CDATA[https://www.seleniumeasy.com/test/basic-first-form-demo.html]]>
              </value>
            </param>
            <param index="8">
              <value>
                <![CDATA[screenshots]]>
              </value>
            </param>
          </params>
          <reporter-output>
          </reporter-output>
        </test-method> <!-- startSession -->
        <test-method is-config="true" signature="initSingleTest(java.lang.String, java.lang.reflect.Method)[pri:0, instance:com.selenium.smartwyre.test.SimpleInputDemoTest@5906ebcb]" started-at="2021-04-26T10:02:52Z" name="initSingleTest" finished-at="2021-04-26T10:02:52Z" duration-ms="86" status="PASS">
          <params>
            <param index="0">
              <value>
                <![CDATA[screenshots]]>
              </value>
            </param>
            <param index="1">
              <value>
                <![CDATA[public void com.selenium.smartwyre.test.SimpleInputDemoTest.seleniumEnterInputTest(java.lang.String) throws java.lang.Exception]]>
              </value>
            </param>
          </params>
          <reporter-output>
            <line>
              <![CDATA[STEP_DOC [11:02:52:179] [00:00:05:188]:Starting test for class [com.selenium.smartwyre.test.SimpleInputDemoTest] and method [seleniumEnterInputTest]]]>
            </line>
            <line>
              <![CDATA[STEP_DOC [11:02:52:257] [449842:02:52:258]:STEP_DOC [11:02:52:179] [00:00:05:188]:Starting test for class [com.selenium.smartwyre.test.SimpleInputDemoTest] and method [seleniumEnterInputTest]]]>
            </line>
          </reporter-output>
        </test-method> <!-- initSingleTest -->
        <test-method signature="seleniumEnterInputTest(java.lang.String)[pri:0, instance:com.selenium.smartwyre.test.SimpleInputDemoTest@5906ebcb]" started-at="2021-04-26T10:02:52Z" name="seleniumEnterInputTest" finished-at="2021-04-26T10:03:06Z" duration-ms="13949" status="PASS">
          <params>
            <param index="0">
              <value>
                <![CDATA[mymessage1]]>
              </value>
            </param>
          </params>
          <reporter-output>
            <line>
              <![CDATA[STEP_DOC [11:02:56:418] [00:00:09:353]:Done waiting for 3000 ms.]]>
            </line>
            <line>
              <![CDATA[STEP_DOC [11:02:56:419] [449842:02:56:419]:STEP_DOC [11:02:56:418] [00:00:09:353]:Done waiting for 3000 ms.]]>
            </line>
            <line>
              <![CDATA[STEP_DOC [11:02:59:673] [00:00:12:607]:Done waiting for 3000 ms.]]>
            </line>
            <line>
              <![CDATA[STEP_DOC [11:02:59:673] [449842:02:59:674]:STEP_DOC [11:02:59:673] [00:00:12:607]:Done waiting for 3000 ms.]]>
            </line>
            <line>
              <![CDATA[STEP_DOC [11:03:02:397] [00:00:15:331]:Done waiting for 2000 ms.]]>
            </line>
            <line>
              <![CDATA[STEP_DOC [11:03:02:397] [449842:03:02:397]:STEP_DOC [11:03:02:397] [00:00:15:331]:Done waiting for 2000 ms.]]>
            </line>
            <line>
              <![CDATA[STEP_DOC [11:03:03:510] [00:00:16:444]:Done waiting for 1000 ms.]]>
            </line>
            <line>
              <![CDATA[STEP_DOC [11:03:03:510] [449842:03:03:510]:STEP_DOC [11:03:03:510] [00:00:16:444]:Done waiting for 1000 ms.]]>
            </line>
          </reporter-output>
        </test-method> <!-- seleniumEnterInputTest -->
        <test-method is-config="true" signature="finalizeTest(java.lang.reflect.Method)[pri:0, instance:com.selenium.smartwyre.test.SimpleInputDemoTest@5906ebcb]" started-at="2021-04-26T10:03:06Z" name="finalizeTest" finished-at="2021-04-26T10:03:06Z" duration-ms="1" status="PASS">
          <params>
            <param index="0">
              <value>
                <![CDATA[public void com.selenium.smartwyre.test.SimpleInputDemoTest.seleniumEnterInputTest(java.lang.String) throws java.lang.Exception]]>
              </value>
            </param>
          </params>
          <reporter-output>
            <line>
              <![CDATA[STEP_DOC [11:03:06:212] [00:00:19:146]:Test finished for class [com.selenium.smartwyre.test.SimpleInputDemoTest] and method [seleniumEnterInputTest]]]>
            </line>
            <line>
              <![CDATA[STEP_DOC [11:03:06:212] [449842:03:06:213]:STEP_DOC [11:03:06:212] [00:00:19:146]:Test finished for class [com.selenium.smartwyre.test.SimpleInputDemoTest] and method [seleniumEnterInputTest]]]>
            </line>
          </reporter-output>
        </test-method> <!-- finalizeTest -->
        <test-method is-config="true" signature="initSingleTest(java.lang.String, java.lang.reflect.Method)[pri:0, instance:com.selenium.smartwyre.test.SimpleInputDemoTest@5906ebcb]" started-at="2021-04-26T10:03:06Z" name="initSingleTest" finished-at="2021-04-26T10:03:06Z" duration-ms="1" status="PASS">
          <params>
            <param index="0">
              <value>
                <![CDATA[screenshots]]>
              </value>
            </param>
            <param index="1">
              <value>
                <![CDATA[public void com.selenium.smartwyre.test.SimpleInputDemoTest.seleniumSumDemoTest(int,int,int) throws java.lang.Exception]]>
              </value>
            </param>
          </params>
          <reporter-output>
            <line>
              <![CDATA[STEP_DOC [11:03:06:214] [00:00:19:149]:Starting test for class [com.selenium.smartwyre.test.SimpleInputDemoTest] and method [seleniumSumDemoTest]]]>
            </line>
            <line>
              <![CDATA[STEP_DOC [11:03:06:215] [449842:03:06:215]:STEP_DOC [11:03:06:214] [00:00:19:149]:Starting test for class [com.selenium.smartwyre.test.SimpleInputDemoTest] and method [seleniumSumDemoTest]]]>
            </line>
          </reporter-output>
        </test-method> <!-- initSingleTest -->
        <test-method signature="seleniumSumDemoTest(int, int, int)[pri:0, instance:com.selenium.smartwyre.test.SimpleInputDemoTest@5906ebcb]" started-at="2021-04-26T10:03:06Z" name="seleniumSumDemoTest" finished-at="2021-04-26T10:03:11Z" duration-ms="4882" status="PASS">
          <params>
            <param index="0">
              <value>
                <![CDATA[3]]>
              </value>
            </param>
            <param index="1">
              <value>
                <![CDATA[4]]>
              </value>
            </param>
            <param index="2">
              <value>
                <![CDATA[7]]>
              </value>
            </param>
          </params>
          <reporter-output>
            <line>
              <![CDATA[STEP_DOC [11:03:07:335] [00:00:20:269]:Done waiting for 1000 ms.]]>
            </line>
            <line>
              <![CDATA[STEP_DOC [11:03:07:335] [449842:03:07:336]:STEP_DOC [11:03:07:335] [00:00:20:269]:Done waiting for 1000 ms.]]>
            </line>
            <line>
              <![CDATA[STEP_DOC [11:03:09:698] [00:00:22:633]:Done waiting for 1000 ms.]]>
            </line>
            <line>
              <![CDATA[STEP_DOC [11:03:09:699] [449842:03:09:699]:STEP_DOC [11:03:09:698] [00:00:22:633]:Done waiting for 1000 ms.]]>
            </line>
          </reporter-output>
        </test-method> <!-- seleniumSumDemoTest -->
        <test-method is-config="true" signature="finalizeTest(java.lang.reflect.Method)[pri:0, instance:com.selenium.smartwyre.test.SimpleInputDemoTest@5906ebcb]" started-at="2021-04-26T10:03:11Z" name="finalizeTest" finished-at="2021-04-26T10:03:11Z" duration-ms="1" status="PASS">
          <params>
            <param index="0">
              <value>
                <![CDATA[public void com.selenium.smartwyre.test.SimpleInputDemoTest.seleniumSumDemoTest(int,int,int) throws java.lang.Exception]]>
              </value>
            </param>
          </params>
          <reporter-output>
            <line>
              <![CDATA[STEP_DOC [11:03:11:100] [00:00:24:035]:Test finished for class [com.selenium.smartwyre.test.SimpleInputDemoTest] and method [seleniumSumDemoTest]]]>
            </line>
            <line>
              <![CDATA[STEP_DOC [11:03:11:101] [449842:03:11:101]:STEP_DOC [11:03:11:100] [00:00:24:035]:Test finished for class [com.selenium.smartwyre.test.SimpleInputDemoTest] and method [seleniumSumDemoTest]]]>
            </line>
          </reporter-output>
        </test-method> <!-- finalizeTest -->
        <test-method is-config="true" signature="closeSession()[pri:0, instance:com.selenium.smartwyre.test.SimpleInputDemoTest@5906ebcb]" started-at="2021-04-26T10:03:11Z" name="closeSession" finished-at="2021-04-26T10:03:14Z" duration-ms="3264" status="PASS">
          <reporter-output>
            <line>
              <![CDATA[STEP_DOC [11:03:11:103] [00:00:24:037]:Closing session.]]>
            </line>
            <line>
              <![CDATA[STEP_DOC [11:03:11:103] [449842:03:11:103]:STEP_DOC [11:03:11:103] [00:00:24:037]:Closing session.]]>
            </line>
            <line>
              <![CDATA[STEP_DOC [11:03:11:135] [00:00:24:070]:Closing window CDwindow-913C18CB03908DA79BF6BF4C2A27A0A4]]>
            </line>
            <line>
              <![CDATA[STEP_DOC [11:03:11:136] [449842:03:11:136]:STEP_DOC [11:03:11:135] [00:00:24:070]:Closing window CDwindow-913C18CB03908DA79BF6BF4C2A27A0A4]]>
            </line>
            <line>
              <![CDATA[STEP_DOC [11:03:11:284] [00:00:24:218]:Closed window CDwindow-913C18CB03908DA79BF6BF4C2A27A0A4]]>
            </line>
            <line>
              <![CDATA[STEP_DOC [11:03:11:284] [449842:03:11:284]:STEP_DOC [11:03:11:284] [00:00:24:218]:Closed window CDwindow-913C18CB03908DA79BF6BF4C2A27A0A4]]>
            </line>
            <line>
              <![CDATA[STEP_DOC [11:03:11:284] [00:00:24:218]:waiting for 3 secs before terminating the session.]]>
            </line>
            <line>
              <![CDATA[STEP_DOC [11:03:11:285] [449842:03:11:285]:STEP_DOC [11:03:11:284] [00:00:24:218]:waiting for 3 secs before terminating the session.]]>
            </line>
            <line>
              <![CDATA[STEP_DOC [11:03:14:289] [00:00:27:223]:Quitting session.]]>
            </line>
            <line>
              <![CDATA[STEP_DOC [11:03:14:289] [449842:03:14:289]:STEP_DOC [11:03:14:289] [00:00:27:223]:Quitting session.]]>
            </line>
            <line>
              <![CDATA[STEP_DOC [11:03:14:365] [00:00:27:299]:Session closed.]]>
            </line>
            <line>
              <![CDATA[STEP_DOC [11:03:14:365] [449842:03:14:365]:STEP_DOC [11:03:14:365] [00:00:27:299]:Session closed.]]>
            </line>
          </reporter-output>
        </test-method> <!-- closeSession -->
      </class> <!-- com.selenium.smartwyre.test.SimpleInputDemoTest -->
    </test> <!-- demotestTime -->
  </suite> <!-- Tests -->
</testng-results>
